c:\users\ths30805\desktop\11_14_2130me\dx21_puzzlegame_006\dx21_puzzlegame\x64\debug\vc143.pdb
c:\users\ths30805\desktop\11_14_2130me\dx21_puzzlegame_006\dx21_puzzlegame\x64\debug\vc143.idb
c:\users\ths30805\desktop\11_14_2130me\dx21_puzzlegame_006\dx21_puzzlegame\x64\debug\xinput_controller.obj
c:\users\ths30805\desktop\11_14_2130me\dx21_puzzlegame_006\dx21_puzzlegame\x64\debug\tool.obj
c:\users\ths30805\desktop\11_14_2130me\dx21_puzzlegame_006\dx21_puzzlegame\x64\debug\texture.obj
c:\users\ths30805\desktop\11_14_2130me\dx21_puzzlegame_006\dx21_puzzlegame\x64\debug\sprite.obj
c:\users\ths30805\desktop\11_14_2130me\dx21_puzzlegame_006\dx21_puzzlegame\x64\debug\sound.obj
c:\users\ths30805\desktop\11_14_2130me\dx21_puzzlegame_006\dx21_puzzlegame\x64\debug\renderer.obj
c:\users\ths30805\desktop\11_14_2130me\dx21_puzzlegame_006\dx21_puzzlegame\x64\debug\player.obj
c:\users\ths30805\desktop\11_14_2130me\dx21_puzzlegame_006\dx21_puzzlegame\x64\debug\make_body.obj
c:\users\ths30805\desktop\11_14_2130me\dx21_puzzlegame_006\dx21_puzzlegame\x64\debug\main.obj
c:\users\ths30805\desktop\11_14_2130me\dx21_puzzlegame_006\dx21_puzzlegame\x64\debug\keyboard.obj
c:\users\ths30805\desktop\11_14_2130me\dx21_puzzlegame_006\dx21_puzzlegame\x64\debug\game.obj
c:\users\ths30805\desktop\11_14_2130me\dx21_puzzlegame_006\dx21_puzzlegame\x64\debug\directx_controller.obj
c:\users\ths30805\desktop\11_14_2130me\dx21_puzzlegame_006\x64\debug\dx21_puzzlegame.exe
c:\users\ths30805\desktop\11_14_2130me\dx21_puzzlegame_006\x64\debug\dx21_puzzlegame.pdb
c:\users\ths30805\desktop\11_14_2130me\dx21_puzzlegame_006\dx21_puzzlegame\x64\debug\dx21_puzzlegame.ilk
c:\users\ths30805\desktop\11_14_2130me\dx21_puzzlegame_006\dx21_puzzlegame\x64\debug\dx21_puzzlegame.tlog\cl.command.1.tlog
c:\users\ths30805\desktop\11_14_2130me\dx21_puzzlegame_006\dx21_puzzlegame\x64\debug\dx21_puzzlegame.tlog\cl.items.tlog
c:\users\ths30805\desktop\11_14_2130me\dx21_puzzlegame_006\dx21_puzzlegame\x64\debug\dx21_puzzlegame.tlog\cl.read.1.tlog
c:\users\ths30805\desktop\11_14_2130me\dx21_puzzlegame_006\dx21_puzzlegame\x64\debug\dx21_puzzlegame.tlog\cl.write.1.tlog
c:\users\ths30805\desktop\11_14_2130me\dx21_puzzlegame_006\dx21_puzzlegame\x64\debug\dx21_puzzlegame.tlog\link.command.1.tlog
c:\users\ths30805\desktop\11_14_2130me\dx21_puzzlegame_006\dx21_puzzlegame\x64\debug\dx21_puzzlegame.tlog\link.read.1.tlog
c:\users\ths30805\desktop\11_14_2130me\dx21_puzzlegame_006\dx21_puzzlegame\x64\debug\dx21_puzzlegame.tlog\link.secondary.1.tlog
c:\users\ths30805\desktop\11_14_2130me\dx21_puzzlegame_006\dx21_puzzlegame\x64\debug\dx21_puzzlegame.tlog\link.write.1.tlog
