  anchor.cpp
C:\Users\ths30805\Documents\GitHub\2025_HEW\player.h(99,37): warning C4305: '引数': 'double' から 'float' へ切り詰めます。
  (ソース ファイル 'anchor.cpp' をコンパイルしています)
  
C:\Users\ths30805\Documents\GitHub\2025_HEW\anchor.cpp(97,85): warning C4244: '引数': 'double' から 'float' への変換です。データが失われる可能性があります。
C:\Users\ths30805\Documents\GitHub\2025_HEW\anchor.cpp(97,49): warning C4244: '引数': 'double' から 'float' への変換です。データが失われる可能性があります。
C:\Users\ths30805\Documents\GitHub\2025_HEW\anchor.cpp(106,21): warning C4244: '初期化中': 'double' から 'float' への変換です。データが失われる可能性があります。
C:\Users\ths30805\Documents\GitHub\2025_HEW\anchor.cpp(109,39): warning C4244: '=': 'double' から 'float' への変換です。データが失われる可能性があります。
C:\Users\ths30805\Documents\GitHub\2025_HEW\anchor.cpp(121,35): warning C4244: '=': 'double' から 'float' への変換です。データが失われる可能性があります。
C:\Users\ths30805\Documents\GitHub\2025_HEW\anchor.cpp(152,24): warning C4244: '引数': 'double' から 'float' への変換です。データが失われる可能性があります。
  anchor_point.cpp
C:\Users\ths30805\Documents\GitHub\2025_HEW\player.h(99,37): warning C4305: '引数': 'double' から 'float' へ切り詰めます。
  (ソース ファイル 'anchor_point.cpp' をコンパイルしています)
  
C:\Users\ths30805\Documents\GitHub\2025_HEW\anchor_point.cpp(246,28): warning C4244: '初期化中': 'double' から 'float' への変換です。データが失われる可能性があります。
  directx_controller.cpp
  C:\Program Files (x86)\Windows Kits\10\Include\10.0.22621.0\um\dinput.h: DIRECTINPUT_VERSION undefined. Defaulting to version 0x0800
  enemy.cpp
C:\Users\ths30805\Documents\GitHub\2025_HEW\enemy.cpp(49,27): warning C4244: '引数': 'double' から 'float' への変換です。データが失われる可能性があります。
  enemy_dynamic.cpp
  enemy_static.cpp
  field.cpp
  game.cpp
C:\Users\ths30805\Documents\GitHub\2025_HEW\player.h(99,37): warning C4305: '引数': 'double' から 'float' へ切り詰めます。
  (ソース ファイル 'game.cpp' をコンパイルしています)
  
  ground.cpp
  keyboard.cpp
  main.cpp
C:\Users\ths30805\Documents\GitHub\2025_HEW\player.h(99,37): warning C4305: '引数': 'double' から 'float' へ切り詰めます。
  (ソース ファイル 'main.cpp' をコンパイルしています)
  
  player.cpp
C:\Users\ths30805\Documents\GitHub\2025_HEW\player.h(99,37): warning C4305: '引数': 'double' から 'float' へ切り詰めます。
  (ソース ファイル 'player.cpp' をコンパイルしています)
  
C:\Users\ths30805\Documents\GitHub\2025_HEW\player.cpp(84,27): warning C4244: '引数': 'double' から 'float' への変換です。データが失われる可能性があります。
C:\Users\ths30805\Documents\GitHub\2025_HEW\player.cpp(112,62): warning C4244: '引数': 'double' から 'float' への変換です。データが失われる可能性があります。
C:\Users\ths30805\Documents\GitHub\2025_HEW\player.cpp(112,41): warning C4244: '引数': 'double' から 'float' への変換です。データが失われる可能性があります。
C:\Users\ths30805\Documents\GitHub\2025_HEW\player.cpp(166,43): warning C4305: '引数': 'double' から 'float' へ切り詰めます。
C:\Users\ths30805\Documents\GitHub\2025_HEW\player.cpp(172,43): warning C4305: '引数': 'double' から 'float' へ切り詰めます。
C:\Users\ths30805\Documents\GitHub\2025_HEW\player.cpp(177,57): warning C4244: '引数': 'int' から 'float' への変換です。データが失われる可能性があります。
  player_position.cpp
  renderer.cpp
  sound.cpp
  sprite.cpp
  texture.cpp
  tool.cpp
  Xinput_controller.cpp
  コードを生成中...
DirectXTex_Debug.lib(DirectXTexImage.obj) : warning LNK4099: PDB '' が 'DirectXTex_Debug.lib(DirectXTexImage.obj)' で、または '' に見つかりません。デバッグ情報がないものとして、オブジェクトにリンクします。
DirectXTex_Debug.lib(DirectXTexWIC.obj) : warning LNK4099: PDB '' が 'DirectXTex_Debug.lib(DirectXTexWIC.obj)' で、または '' に見つかりません。デバッグ情報がないものとして、オブジェクトにリンクします。
DirectXTex_Debug.lib(DirectXTexD3D11.obj) : warning LNK4099: PDB '' が 'DirectXTex_Debug.lib(DirectXTexD3D11.obj)' で、または '' に見つかりません。デバッグ情報がないものとして、オブジェクトにリンクします。
DirectXTex_Debug.lib(DirectXTexUtil.obj) : warning LNK4099: PDB '' が 'DirectXTex_Debug.lib(DirectXTexUtil.obj)' で、または '' に見つかりません。デバッグ情報がないものとして、オブジェクトにリンクします。
DirectXTex_Debug.lib(DirectXTexConvert.obj) : warning LNK4099: PDB '' が 'DirectXTex_Debug.lib(DirectXTexConvert.obj)' で、または '' に見つかりません。デバッグ情報がないものとして、オブジェクトにリンクします。
DirectXTex_Debug.lib(DirectXTexCompress.obj) : warning LNK4099: PDB '' が 'DirectXTex_Debug.lib(DirectXTexCompress.obj)' で、または '' に見つかりません。デバッグ情報がないものとして、オブジェクトにリンクします。
DirectXTex_Debug.lib(DirectXTexMipMaps.obj) : warning LNK4099: PDB '' が 'DirectXTex_Debug.lib(DirectXTexMipMaps.obj)' で、または '' に見つかりません。デバッグ情報がないものとして、オブジェクトにリンクします。
DirectXTex_Debug.lib(BC.obj) : warning LNK4099: PDB '' が 'DirectXTex_Debug.lib(BC.obj)' で、または '' に見つかりません。デバッグ情報がないものとして、オブジェクトにリンクします。
DirectXTex_Debug.lib(BC4BC5.obj) : warning LNK4099: PDB '' が 'DirectXTex_Debug.lib(BC4BC5.obj)' で、または '' に見つかりません。デバッグ情報がないものとして、オブジェクトにリンクします。
DirectXTex_Debug.lib(BC6HBC7.obj) : warning LNK4099: PDB '' が 'DirectXTex_Debug.lib(BC6HBC7.obj)' で、または '' に見つかりません。デバッグ情報がないものとして、オブジェクトにリンクします。
  DX21_PuzzleGame.vcxproj -> C:\Users\ths30805\Documents\GitHub\2025_HEW\x64\Debug\DX21_PuzzleGame.exe
