c:\users\yuzu0\desktop\hal\2025_hew\dx21_puzzlegame\x64\debug\vc143.pdb
c:\users\yuzu0\desktop\hal\2025_hew\dx21_puzzlegame\x64\debug\vc143.idb
c:\users\yuzu0\desktop\hal\2025_hew\dx21_puzzlegame\x64\debug\xinput_controller.obj
c:\users\yuzu0\desktop\hal\2025_hew\dx21_puzzlegame\x64\debug\tool.obj
c:\users\yuzu0\desktop\hal\2025_hew\dx21_puzzlegame\x64\debug\texture.obj
c:\users\yuzu0\desktop\hal\2025_hew\dx21_puzzlegame\x64\debug\sprite.obj
c:\users\yuzu0\desktop\hal\2025_hew\dx21_puzzlegame\x64\debug\sound.obj
c:\users\yuzu0\desktop\hal\2025_hew\dx21_puzzlegame\x64\debug\renderer.obj
c:\users\yuzu0\desktop\hal\2025_hew\dx21_puzzlegame\x64\debug\player_position.obj
c:\users\yuzu0\desktop\hal\2025_hew\dx21_puzzlegame\x64\debug\player.obj
c:\users\yuzu0\desktop\hal\2025_hew\dx21_puzzlegame\x64\debug\main.obj
c:\users\yuzu0\desktop\hal\2025_hew\dx21_puzzlegame\x64\debug\keyboard.obj
c:\users\yuzu0\desktop\hal\2025_hew\dx21_puzzlegame\x64\debug\game.obj
c:\users\yuzu0\desktop\hal\2025_hew\dx21_puzzlegame\x64\debug\field.obj
c:\users\yuzu0\desktop\hal\2025_hew\dx21_puzzlegame\x64\debug\directx_controller.obj
c:\users\yuzu0\desktop\hal\2025_hew\dx21_puzzlegame\x64\debug\enemy_static.obj
c:\users\yuzu0\desktop\hal\2025_hew\dx21_puzzlegame\x64\debug\enemy_dynamic.obj
c:\users\yuzu0\desktop\hal\2025_hew\dx21_puzzlegame\x64\debug\enemy.obj
c:\users\yuzu0\desktop\hal\2025_hew\dx21_puzzlegame\x64\debug\anchor_point.obj
c:\users\yuzu0\desktop\hal\2025_hew\x64\debug\dx21_puzzlegame.exe
c:\users\yuzu0\desktop\hal\2025_hew\x64\debug\dx21_puzzlegame.pdb
c:\users\yuzu0\desktop\hal\2025_hew\dx21_puzzlegame\x64\debug\dx21_puzzlegame.ilk
c:\users\yuzu0\desktop\hal\2025_hew\dx21_puzzlegame\x64\debug\ground.obj
c:\users\yuzu0\desktop\hal\2025_hew\dx21_puzzlegame\x64\debug\make_body.obj
c:\users\yuzu0\desktop\hal\2025_hew\dx21_puzzlegame\x64\debug\player_postion.obj
c:\users\yuzu0\desktop\hal\2025_hew\dx21_puzzlegame\x64\debug\field.obj.enc
c:\users\yuzu0\desktop\hal\2025_hew\dx21_puzzlegame\x64\debug\ground.obj.enc
c:\users\yuzu0\desktop\hal\2025_hew\dx21_puzzlegame\x64\debug\player.obj.enc
c:\users\yuzu0\desktop\hal\2025_hew\dx21_puzzlegame\x64\debug\dx21_puzzlegame.tlog\cl.command.1.tlog
c:\users\yuzu0\desktop\hal\2025_hew\dx21_puzzlegame\x64\debug\dx21_puzzlegame.tlog\cl.items.tlog
c:\users\yuzu0\desktop\hal\2025_hew\dx21_puzzlegame\x64\debug\dx21_puzzlegame.tlog\cl.read.1.tlog
c:\users\yuzu0\desktop\hal\2025_hew\dx21_puzzlegame\x64\debug\dx21_puzzlegame.tlog\cl.write.1.tlog
c:\users\yuzu0\desktop\hal\2025_hew\dx21_puzzlegame\x64\debug\dx21_puzzlegame.tlog\link.command.1.tlog
c:\users\yuzu0\desktop\hal\2025_hew\dx21_puzzlegame\x64\debug\dx21_puzzlegame.tlog\link.read.1.tlog
c:\users\yuzu0\desktop\hal\2025_hew\dx21_puzzlegame\x64\debug\dx21_puzzlegame.tlog\link.secondary.1.tlog
c:\users\yuzu0\desktop\hal\2025_hew\dx21_puzzlegame\x64\debug\dx21_puzzlegame.tlog\link.write.1.tlog
